Analysis & Synthesis report for uart
Sun Jun 30 13:08:32 2024
Quartus Prime Version 18.1.0 Build 625 09/12/2018 SJ Lite Edition


---------------------
; Table of Contents ;
---------------------
  1. Legal Notice
  2. Analysis & Synthesis Summary
  3. Analysis & Synthesis Settings
  4. Parallel Compilation
  5. Analysis & Synthesis Source Files Read
  6. Analysis & Synthesis Resource Usage Summary
  7. Analysis & Synthesis Resource Utilization by Entity
  8. Registers Removed During Synthesis
  9. General Register Statistics
 10. Inverted Register Statistics
 11. Multiplexer Restructuring Statistics (Restructuring Performed)
 12. Parameter Settings for User Entity Instance: uart_tx:utx
 13. Parameter Settings for User Entity Instance: uart_rx:urx
 14. Post-Synthesis Netlist Statistics for Top Partition
 15. Elapsed Time Per Partition
 16. Analysis & Synthesis Messages



----------------
; Legal Notice ;
----------------
Copyright (C) 2018  Intel Corporation. All rights reserved.
Your use of Intel Corporation's design tools, logic functions 
and other software and tools, and its AMPP partner logic 
functions, and any output files from any of the foregoing 
(including device programming or simulation files), and any 
associated documentation or information are expressly subject 
to the terms and conditions of the Intel Program License 
Subscription Agreement, the Intel Quartus Prime License Agreement,
the Intel FPGA IP License Agreement, or other applicable license
agreement, including, without limitation, that your use is for
the sole purpose of programming logic devices manufactured by
Intel and sold by Intel or its authorized distributors.  Please
refer to the applicable agreement for further details.



+----------------------------------------------------------------------------------+
; Analysis & Synthesis Summary                                                     ;
+------------------------------------+---------------------------------------------+
; Analysis & Synthesis Status        ; Successful - Sun Jun 30 13:08:32 2024       ;
; Quartus Prime Version              ; 18.1.0 Build 625 09/12/2018 SJ Lite Edition ;
; Revision Name                      ; uart                                        ;
; Top-level Entity Name              ; top                                         ;
; Family                             ; MAX 10                                      ;
; Total logic elements               ; 101                                         ;
;     Total combinational functions  ; 92                                          ;
;     Dedicated logic registers      ; 67                                          ;
; Total registers                    ; 67                                          ;
; Total pins                         ; 53                                          ;
; Total virtual pins                 ; 0                                           ;
; Total memory bits                  ; 0                                           ;
; Embedded Multiplier 9-bit elements ; 0                                           ;
; Total PLLs                         ; 0                                           ;
; UFM blocks                         ; 0                                           ;
; ADC blocks                         ; 0                                           ;
+------------------------------------+---------------------------------------------+


+------------------------------------------------------------------------------------------------------------+
; Analysis & Synthesis Settings                                                                              ;
+------------------------------------------------------------------+--------------------+--------------------+
; Option                                                           ; Setting            ; Default Value      ;
+------------------------------------------------------------------+--------------------+--------------------+
; Device                                                           ; 10M50DAF484C6GES   ;                    ;
; Top-level entity name                                            ; top                ; uart               ;
; Family name                                                      ; MAX 10             ; Cyclone V          ;
; Use smart compilation                                            ; Off                ; Off                ;
; Enable parallel Assembler and Timing Analyzer during compilation ; On                 ; On                 ;
; Enable compact report table                                      ; Off                ; Off                ;
; Restructure Multiplexers                                         ; Auto               ; Auto               ;
; Create Debugging Nodes for IP Cores                              ; Off                ; Off                ;
; Preserve fewer node names                                        ; On                 ; On                 ;
; Intel FPGA IP Evaluation Mode                                    ; Enable             ; Enable             ;
; Verilog Version                                                  ; Verilog_2001       ; Verilog_2001       ;
; VHDL Version                                                     ; VHDL_1993          ; VHDL_1993          ;
; State Machine Processing                                         ; Auto               ; Auto               ;
; Safe State Machine                                               ; Off                ; Off                ;
; Extract Verilog State Machines                                   ; On                 ; On                 ;
; Extract VHDL State Machines                                      ; On                 ; On                 ;
; Ignore Verilog initial constructs                                ; Off                ; Off                ;
; Iteration limit for constant Verilog loops                       ; 5000               ; 5000               ;
; Iteration limit for non-constant Verilog loops                   ; 250                ; 250                ;
; Add Pass-Through Logic to Inferred RAMs                          ; On                 ; On                 ;
; Infer RAMs from Raw Logic                                        ; On                 ; On                 ;
; Parallel Synthesis                                               ; On                 ; On                 ;
; DSP Block Balancing                                              ; Auto               ; Auto               ;
; NOT Gate Push-Back                                               ; On                 ; On                 ;
; Power-Up Don't Care                                              ; On                 ; On                 ;
; Remove Redundant Logic Cells                                     ; Off                ; Off                ;
; Remove Duplicate Registers                                       ; On                 ; On                 ;
; Ignore CARRY Buffers                                             ; Off                ; Off                ;
; Ignore CASCADE Buffers                                           ; Off                ; Off                ;
; Ignore GLOBAL Buffers                                            ; Off                ; Off                ;
; Ignore ROW GLOBAL Buffers                                        ; Off                ; Off                ;
; Ignore LCELL Buffers                                             ; Off                ; Off                ;
; Ignore SOFT Buffers                                              ; On                 ; On                 ;
; Limit AHDL Integers to 32 Bits                                   ; Off                ; Off                ;
; Optimization Technique                                           ; Balanced           ; Balanced           ;
; Carry Chain Length                                               ; 70                 ; 70                 ;
; Auto Carry Chains                                                ; On                 ; On                 ;
; Auto Open-Drain Pins                                             ; On                 ; On                 ;
; Perform WYSIWYG Primitive Resynthesis                            ; Off                ; Off                ;
; Auto ROM Replacement                                             ; On                 ; On                 ;
; Auto RAM Replacement                                             ; On                 ; On                 ;
; Auto DSP Block Replacement                                       ; On                 ; On                 ;
; Auto Shift Register Replacement                                  ; Auto               ; Auto               ;
; Allow Shift Register Merging across Hierarchies                  ; Auto               ; Auto               ;
; Auto Clock Enable Replacement                                    ; On                 ; On                 ;
; Strict RAM Replacement                                           ; Off                ; Off                ;
; Allow Synchronous Control Signals                                ; On                 ; On                 ;
; Force Use of Synchronous Clear Signals                           ; Off                ; Off                ;
; Auto RAM Block Balancing                                         ; On                 ; On                 ;
; Auto RAM to Logic Cell Conversion                                ; Off                ; Off                ;
; Auto Resource Sharing                                            ; Off                ; Off                ;
; Allow Any RAM Size For Recognition                               ; Off                ; Off                ;
; Allow Any ROM Size For Recognition                               ; Off                ; Off                ;
; Allow Any Shift Register Size For Recognition                    ; Off                ; Off                ;
; Use LogicLock Constraints during Resource Balancing              ; On                 ; On                 ;
; Ignore translate_off and synthesis_off directives                ; Off                ; Off                ;
; Timing-Driven Synthesis                                          ; On                 ; On                 ;
; Report Parameter Settings                                        ; On                 ; On                 ;
; Report Source Assignments                                        ; On                 ; On                 ;
; Report Connectivity Checks                                       ; On                 ; On                 ;
; Ignore Maximum Fan-Out Assignments                               ; Off                ; Off                ;
; Synchronization Register Chain Length                            ; 2                  ; 2                  ;
; Power Optimization During Synthesis                              ; Normal compilation ; Normal compilation ;
; HDL message level                                                ; Level2             ; Level2             ;
; Suppress Register Optimization Related Messages                  ; Off                ; Off                ;
; Number of Removed Registers Reported in Synthesis Report         ; 5000               ; 5000               ;
; Number of Swept Nodes Reported in Synthesis Report               ; 5000               ; 5000               ;
; Number of Inverted Registers Reported in Synthesis Report        ; 100                ; 100                ;
; Clock MUX Protection                                             ; On                 ; On                 ;
; Auto Gated Clock Conversion                                      ; Off                ; Off                ;
; Block Design Naming                                              ; Auto               ; Auto               ;
; SDC constraint protection                                        ; Off                ; Off                ;
; Synthesis Effort                                                 ; Auto               ; Auto               ;
; Shift Register Replacement - Allow Asynchronous Clear Signal     ; On                 ; On                 ;
; Pre-Mapping Resynthesis Optimization                             ; Off                ; Off                ;
; Analysis & Synthesis Message Level                               ; Medium             ; Medium             ;
; Disable Register Merging Across Hierarchies                      ; Auto               ; Auto               ;
; Resource Aware Inference For Block RAM                           ; On                 ; On                 ;
+------------------------------------------------------------------+--------------------+--------------------+


+------------------------------------------+
; Parallel Compilation                     ;
+----------------------------+-------------+
; Processors                 ; Number      ;
+----------------------------+-------------+
; Number detected on machine ; 16          ;
; Maximum allowed            ; 16          ;
;                            ;             ;
; Average used               ; 1.00        ;
; Maximum used               ; 16          ;
;                            ;             ;
; Usage by Processor         ; % Time Used ;
;     Processor 1            ; 100.0%      ;
;     Processors 2-16        ;   0.0%      ;
+----------------------------+-------------+


+---------------------------------------------------------------------------------------------------------------------+
; Analysis & Synthesis Source Files Read                                                                              ;
+----------------------------------+-----------------+-----------------+------------------------------------+---------+
; File Name with User-Entered Path ; Used in Netlist ; File Type       ; File Name with Absolute Path       ; Library ;
+----------------------------------+-----------------+-----------------+------------------------------------+---------+
; uart_rx.vhd                      ; yes             ; User VHDL File  ; D:/repos/uart_vhdl/uart_rx.vhd     ;         ;
; top.vhd                          ; yes             ; User VHDL File  ; D:/repos/uart_vhdl/top.vhd         ;         ;
; sevenSegPro.vhd                  ; yes             ; User VHDL File  ; D:/repos/uart_vhdl/sevenSegPro.vhd ;         ;
; uart_tx.vhd                      ; yes             ; User VHDL File  ; D:/repos/uart_vhdl/uart_tx.vhd     ;         ;
+----------------------------------+-----------------+-----------------+------------------------------------+---------+


+-------------------------------------------------------------------+
; Analysis & Synthesis Resource Usage Summary                       ;
+---------------------------------------------+---------------------+
; Resource                                    ; Usage               ;
+---------------------------------------------+---------------------+
; Estimated Total logic elements              ; 101                 ;
;                                             ;                     ;
; Total combinational functions               ; 92                  ;
; Logic element usage by number of LUT inputs ;                     ;
;     -- 4 input functions                    ; 42                  ;
;     -- 3 input functions                    ; 13                  ;
;     -- <=2 input functions                  ; 37                  ;
;                                             ;                     ;
; Logic elements by mode                      ;                     ;
;     -- normal mode                          ; 68                  ;
;     -- arithmetic mode                      ; 24                  ;
;                                             ;                     ;
; Total registers                             ; 67                  ;
;     -- Dedicated logic registers            ; 67                  ;
;     -- I/O registers                        ; 0                   ;
;                                             ;                     ;
; I/O pins                                    ; 53                  ;
;                                             ;                     ;
; Embedded Multiplier 9-bit elements          ; 0                   ;
;                                             ;                     ;
; Maximum fan-out node                        ; MAX10_CLK1_50~input ;
; Maximum fan-out                             ; 67                  ;
; Total fan-out                               ; 619                 ;
; Average fan-out                             ; 2.20                ;
+---------------------------------------------+---------------------+


+------------------------------------------------------------------------------------------------------------------------------------------------------------------------------------------------------------------------------------+
; Analysis & Synthesis Resource Utilization by Entity                                                                                                                                                                                ;
+----------------------------+---------------------+---------------------------+-------------+------------+--------------+---------+-----------+------+--------------+------------+---------------------+-------------+--------------+
; Compilation Hierarchy Node ; Combinational ALUTs ; Dedicated Logic Registers ; Memory Bits ; UFM Blocks ; DSP Elements ; DSP 9x9 ; DSP 18x18 ; Pins ; Virtual Pins ; ADC blocks ; Full Hierarchy Name ; Entity Name ; Library Name ;
+----------------------------+---------------------+---------------------------+-------------+------------+--------------+---------+-----------+------+--------------+------------+---------------------+-------------+--------------+
; |top                       ; 92 (15)             ; 67 (0)                    ; 0           ; 0          ; 0            ; 0       ; 0         ; 53   ; 0            ; 0          ; |top                ; top         ; work         ;
;    |uart_rx:urx|           ; 40 (40)             ; 37 (37)                   ; 0           ; 0          ; 0            ; 0       ; 0         ; 0    ; 0            ; 0          ; |top|uart_rx:urx    ; uart_rx     ; work         ;
;    |uart_tx:utx|           ; 37 (37)             ; 30 (30)                   ; 0           ; 0          ; 0            ; 0       ; 0         ; 0    ; 0            ; 0          ; |top|uart_tx:utx    ; uart_tx     ; work         ;
+----------------------------+---------------------+---------------------------+-------------+------------+--------------+---------+-----------+------+--------------+------------+---------------------+-------------+--------------+
Note: For table entries with two numbers listed, the numbers in parentheses indicate the number of resources of the given type used by the specific entity alone. The numbers listed outside of parentheses indicate the total resources of the given type used by the specific entity and all of its sub-entities in the hierarchy.


+--------------------------------------------------------------------------------+
; Registers Removed During Synthesis                                             ;
+---------------------------------------+----------------------------------------+
; Register name                         ; Reason for Removal                     ;
+---------------------------------------+----------------------------------------+
; uart_rx:urx|rx_started                ; Merged with uart_rx:urx|rx_busy        ;
; uart_tx:utx|shift_register[9]         ; Stuck at VCC due to stuck port data_in ;
; Total Number of Removed Registers = 2 ;                                        ;
+---------------------------------------+----------------------------------------+


+------------------------------------------------------+
; General Register Statistics                          ;
+----------------------------------------------+-------+
; Statistic                                    ; Value ;
+----------------------------------------------+-------+
; Total registers                              ; 67    ;
; Number of registers using Synchronous Clear  ; 13    ;
; Number of registers using Synchronous Load   ; 13    ;
; Number of registers using Asynchronous Clear ; 59    ;
; Number of registers using Asynchronous Load  ; 0     ;
; Number of registers using Clock Enable       ; 32    ;
; Number of registers using Preset             ; 0     ;
+----------------------------------------------+-------+


+---------------------------------------------------+
; Inverted Register Statistics                      ;
+-----------------------------------------+---------+
; Inverted Register                       ; Fan out ;
+-----------------------------------------+---------+
; uart_rx:urx|shift_register[1]           ; 1       ;
; uart_rx:urx|shift_register[2]           ; 2       ;
; uart_rx:urx|shift_register[3]           ; 2       ;
; uart_rx:urx|shift_register[4]           ; 2       ;
; uart_rx:urx|shift_register[5]           ; 2       ;
; uart_rx:urx|shift_register[6]           ; 2       ;
; uart_rx:urx|shift_register[7]           ; 2       ;
; uart_rx:urx|shift_register[8]           ; 2       ;
; uart_rx:urx|shift_register[9]           ; 1       ;
; uart_tx:utx|tx                          ; 1       ;
; uart_tx:utx|shift_register[0]           ; 2       ;
; uart_tx:utx|shift_register[1]           ; 1       ;
; uart_tx:utx|shift_register[2]           ; 1       ;
; uart_tx:utx|shift_register[3]           ; 1       ;
; uart_tx:utx|shift_register[4]           ; 1       ;
; uart_tx:utx|shift_register[5]           ; 1       ;
; uart_tx:utx|shift_register[6]           ; 1       ;
; uart_tx:utx|shift_register[7]           ; 1       ;
; uart_tx:utx|shift_register[8]           ; 1       ;
; Total number of inverted registers = 19 ;         ;
+-----------------------------------------+---------+


+--------------------------------------------------------------------------------------------------------------------------------------------------+
; Multiplexer Restructuring Statistics (Restructuring Performed)                                                                                   ;
+--------------------+-----------+---------------+----------------------+------------------------+------------+------------------------------------+
; Multiplexer Inputs ; Bus Width ; Baseline Area ; Area if Restructured ; Saving if Restructured ; Registered ; Example Multiplexer Output         ;
+--------------------+-----------+---------------+----------------------+------------------------+------------+------------------------------------+
; 3:1                ; 13 bits   ; 26 LEs        ; 26 LEs               ; 0 LEs                  ; Yes        ; |top|uart_rx:urx|\baud_proc:i[12]  ;
; 3:1                ; 8 bits    ; 16 LEs        ; 8 LEs                ; 8 LEs                  ; Yes        ; |top|uart_tx:utx|shift_register[1] ;
+--------------------+-----------+---------------+----------------------+------------------------+------------+------------------------------------+


+----------------------------------------------------------+
; Parameter Settings for User Entity Instance: uart_tx:utx ;
+----------------+----------+------------------------------+
; Parameter Name ; Value    ; Type                         ;
+----------------+----------+------------------------------+
; baud           ; 9600     ; Signed Integer               ;
; input_freq     ; 50000000 ; Signed Integer               ;
+----------------+----------+------------------------------+
Note: In order to hide this table in the UI and the text report file, please set the "Show Parameter Settings in Synthesis Report" option in "Analysis and Synthesis Settings -> More Settings" to "Off".


+----------------------------------------------------------+
; Parameter Settings for User Entity Instance: uart_rx:urx ;
+----------------+----------+------------------------------+
; Parameter Name ; Value    ; Type                         ;
+----------------+----------+------------------------------+
; baud           ; 9600     ; Signed Integer               ;
; input_freq     ; 50000000 ; Signed Integer               ;
+----------------+----------+------------------------------+
Note: In order to hide this table in the UI and the text report file, please set the "Show Parameter Settings in Synthesis Report" option in "Analysis and Synthesis Settings -> More Settings" to "Off".


+-----------------------------------------------------+
; Post-Synthesis Netlist Statistics for Top Partition ;
+-----------------------+-----------------------------+
; Type                  ; Count                       ;
+-----------------------+-----------------------------+
; boundary_port         ; 53                          ;
; cycloneiii_ff         ; 67                          ;
;     CLR               ; 9                           ;
;     CLR SCLR          ; 13                          ;
;     CLR SLD           ; 13                          ;
;     ENA               ; 8                           ;
;     ENA CLR           ; 24                          ;
; cycloneiii_io_obuf    ; 16                          ;
; cycloneiii_lcell_comb ; 94                          ;
;     arith             ; 24                          ;
;         2 data inputs ; 22                          ;
;         3 data inputs ; 2                           ;
;     normal            ; 70                          ;
;         0 data inputs ; 1                           ;
;         1 data inputs ; 13                          ;
;         2 data inputs ; 3                           ;
;         3 data inputs ; 11                          ;
;         4 data inputs ; 42                          ;
;                       ;                             ;
; Max LUT depth         ; 3.00                        ;
; Average LUT depth     ; 1.67                        ;
+-----------------------+-----------------------------+


+-------------------------------+
; Elapsed Time Per Partition    ;
+----------------+--------------+
; Partition Name ; Elapsed Time ;
+----------------+--------------+
; Top            ; 00:00:00     ;
+----------------+--------------+


+-------------------------------+
; Analysis & Synthesis Messages ;
+-------------------------------+
Info: *******************************************************************
Info: Running Quartus Prime Analysis & Synthesis
    Info: Version 18.1.0 Build 625 09/12/2018 SJ Lite Edition
    Info: Processing started: Sun Jun 30 13:08:21 2024
Info: Command: quartus_map --read_settings_files=on --write_settings_files=off uart -c uart
Warning (18236): Number of processors has not been specified which may cause overloading on shared machines.  Set the global assignment NUM_PARALLEL_PROCESSORS in your QSF to an appropriate value for best performance.
Info (20030): Parallel compilation is enabled and will use 16 of the 16 processors detected
Info (12021): Found 2 design units, including 1 entities, in source file uart_rx.vhd
    Info (12022): Found design unit 1: uart_rx-behavioral File: D:/repos/uart_vhdl/uart_rx.vhd Line: 19
    Info (12023): Found entity 1: uart_rx File: D:/repos/uart_vhdl/uart_rx.vhd Line: 5
Info (12021): Found 2 design units, including 1 entities, in source file top.vhd
    Info (12022): Found design unit 1: top-behavioral File: D:/repos/uart_vhdl/top.vhd Line: 18
    Info (12023): Found entity 1: top File: D:/repos/uart_vhdl/top.vhd Line: 6
Info (12021): Found 4 design units, including 1 entities, in source file sevensegpro.vhd
    Info (12022): Found design unit 1: sevenSegPro File: D:/repos/uart_vhdl/sevenSegPro.vhd Line: 32
    Info (12022): Found design unit 2: sevenSegPro-body File: D:/repos/uart_vhdl/sevenSegPro.vhd Line: 158
    Info (12022): Found design unit 3: counter-behavioral File: D:/repos/uart_vhdl/sevenSegPro.vhd Line: 276
    Info (12023): Found entity 1: counter File: D:/repos/uart_vhdl/sevenSegPro.vhd Line: 262
Info (12021): Found 2 design units, including 1 entities, in source file uart_tx.vhd
    Info (12022): Found design unit 1: uart_tx-behavioral File: D:/repos/uart_vhdl/uart_tx.vhd Line: 19
    Info (12023): Found entity 1: uart_tx File: D:/repos/uart_vhdl/uart_tx.vhd Line: 5
Info (12021): Found 1 design units, including 1 entities, in source file de10_lite_golden_top.v
    Info (12023): Found entity 1: DE10_LITE_Golden_Top File: D:/repos/uart_vhdl/DE10_LITE_Golden_Top.v Line: 29
Info (12127): Elaborating entity "top" for the top level hierarchy
Warning (10873): Using initial value X (don't care) for net "LEDR[9..3]" at top.vhd(10) File: D:/repos/uart_vhdl/top.vhd Line: 10
Info (12128): Elaborating entity "uart_tx" for hierarchy "uart_tx:utx" File: D:/repos/uart_vhdl/top.vhd Line: 46
Info (12128): Elaborating entity "uart_rx" for hierarchy "uart_rx:urx" File: D:/repos/uart_vhdl/top.vhd Line: 50
Warning (13034): The following nodes have both tri-state and non-tri-state drivers
    Warning (13035): Inserted always-enabled tri-state buffer between "ARDUINO_IO[1]" and its non-tri-state driver. File: D:/repos/uart_vhdl/top.vhd Line: 14
Warning (13039): The following bidirectional pins have no drivers
    Warning (13040): bidirectional pin "ARDUINO_IO[0]" has no driver File: D:/repos/uart_vhdl/top.vhd Line: 14
    Warning (13040): bidirectional pin "ARDUINO_IO[2]" has no driver File: D:/repos/uart_vhdl/top.vhd Line: 14
    Warning (13040): bidirectional pin "ARDUINO_IO[3]" has no driver File: D:/repos/uart_vhdl/top.vhd Line: 14
    Warning (13040): bidirectional pin "ARDUINO_IO[4]" has no driver File: D:/repos/uart_vhdl/top.vhd Line: 14
    Warning (13040): bidirectional pin "ARDUINO_IO[5]" has no driver File: D:/repos/uart_vhdl/top.vhd Line: 14
    Warning (13040): bidirectional pin "ARDUINO_IO[6]" has no driver File: D:/repos/uart_vhdl/top.vhd Line: 14
    Warning (13040): bidirectional pin "ARDUINO_IO[7]" has no driver File: D:/repos/uart_vhdl/top.vhd Line: 14
    Warning (13040): bidirectional pin "ARDUINO_IO[8]" has no driver File: D:/repos/uart_vhdl/top.vhd Line: 14
    Warning (13040): bidirectional pin "ARDUINO_IO[9]" has no driver File: D:/repos/uart_vhdl/top.vhd Line: 14
    Warning (13040): bidirectional pin "ARDUINO_IO[10]" has no driver File: D:/repos/uart_vhdl/top.vhd Line: 14
    Warning (13040): bidirectional pin "ARDUINO_IO[11]" has no driver File: D:/repos/uart_vhdl/top.vhd Line: 14
    Warning (13040): bidirectional pin "ARDUINO_IO[12]" has no driver File: D:/repos/uart_vhdl/top.vhd Line: 14
    Warning (13040): bidirectional pin "ARDUINO_IO[13]" has no driver File: D:/repos/uart_vhdl/top.vhd Line: 14
    Warning (13040): bidirectional pin "ARDUINO_IO[14]" has no driver File: D:/repos/uart_vhdl/top.vhd Line: 14
    Warning (13040): bidirectional pin "ARDUINO_IO[15]" has no driver File: D:/repos/uart_vhdl/top.vhd Line: 14
Info (13000): Registers with preset signals will power-up high File: D:/repos/uart_vhdl/uart_rx.vhd Line: 32
Info (13003): DEV_CLRn pin will set, and not reset, register with preset signal due to NOT Gate Push-Back
Warning (13009): TRI or OPNDRN buffers permanently enabled
    Warning (13010): Node "ARDUINO_IO[1]~synth" File: D:/repos/uart_vhdl/top.vhd Line: 14
Warning (13024): Output pins are stuck at VCC or GND
    Warning (13410): Pin "LEDR[3]" is stuck at GND File: D:/repos/uart_vhdl/top.vhd Line: 10
    Warning (13410): Pin "LEDR[4]" is stuck at GND File: D:/repos/uart_vhdl/top.vhd Line: 10
    Warning (13410): Pin "LEDR[5]" is stuck at GND File: D:/repos/uart_vhdl/top.vhd Line: 10
    Warning (13410): Pin "LEDR[6]" is stuck at GND File: D:/repos/uart_vhdl/top.vhd Line: 10
    Warning (13410): Pin "LEDR[7]" is stuck at GND File: D:/repos/uart_vhdl/top.vhd Line: 10
    Warning (13410): Pin "LEDR[8]" is stuck at GND File: D:/repos/uart_vhdl/top.vhd Line: 10
    Warning (13410): Pin "LEDR[9]" is stuck at GND File: D:/repos/uart_vhdl/top.vhd Line: 10
Info (286030): Timing-Driven Synthesis is running
Info (16010): Generating hard_block partition "hard_block:auto_generated_inst"
    Info (16011): Adding 0 node(s), including 0 DDIO, 0 PLL, 0 transceiver and 0 LCELL
Warning (21074): Design contains 2 input pin(s) that do not drive logic
    Warning (15610): No output dependent on input pin "SW[8]" File: D:/repos/uart_vhdl/top.vhd Line: 9
    Warning (15610): No output dependent on input pin "SW[9]" File: D:/repos/uart_vhdl/top.vhd Line: 9
Info (21057): Implemented 154 device resources after synthesis - the final resource count might be different
    Info (21058): Implemented 13 input pins
    Info (21059): Implemented 24 output pins
    Info (21060): Implemented 16 bidirectional pins
    Info (21061): Implemented 101 logic cells
Info: Quartus Prime Analysis & Synthesis was successful. 0 errors, 33 warnings
    Info: Peak virtual memory: 4861 megabytes
    Info: Processing ended: Sun Jun 30 13:08:32 2024
    Info: Elapsed time: 00:00:11
    Info: Total CPU time (on all processors): 00:00:09


